<?xml version="1.0" encoding="UTF-8"?>
<!-- Generated by org.testng.reporters.JUnitXMLReporter -->
<testsuite hostname="Rajitha" ignored="0" name="MyResults" tests="6" failures="1" timestamp="18 May 2017 02:20:04 GMT" time="13.469" errors="0">
  <testcase name="f" time="0.015" classname="testng.Testng_Annotations"/>
  <testcase name="FB_login" time="3.868" classname="testng.secondprogram"/>
  <testcase name="f" time="0.012" classname="testng.firsttestcase">
    <failure type="java.lang.Error" message="Unresolved compilation problem: 
	Syntax error, insert &amp;quot;;&amp;quot; to complete BlockStatements
">
      <![CDATA[java.lang.Error: Unresolved compilation problem: 
	Syntax error, insert ";" to complete BlockStatements

	at testng.firsttestcase.f(firsttestcase.java:8)
... Removed 25 stack frames]]>
    </failure>
  </testcase> <!-- f -->
  <testcase name="f" time="0.009" classname="testng.Annotations1"/>
  <testcase name="b" time="0.006" classname="testng.Annotations1"/>
  <testcase name="d" time="0.01" classname="testng.Annotations1"/>
</testsuite> <!-- MyResults -->
