<?xml version="1.0" encoding="UTF-8"?>
<testng-results skipped="0" failed="0" ignored="0" total="1" passed="1">
  <reporter-output>
  </reporter-output>
  <suite name="Default suite" duration-ms="41232" started-at="2017-05-26T02:19:52Z" finished-at="2017-05-26T02:20:33Z">
    <groups>
    </groups>
    <test name="Default test" duration-ms="41232" started-at="2017-05-26T02:19:52Z" finished-at="2017-05-26T02:20:33Z">
      <class name="testng.getdropdowmlist">
        <test-method status="PASS" signature="f()[pri:0, instance:testng.getdropdowmlist@6ea12c19]" name="f" duration-ms="41197" started-at="2017-05-25T19:19:52Z" finished-at="2017-05-25T19:20:33Z">
          <reporter-output>
          </reporter-output>
        </test-method> <!-- f -->
      </class> <!-- testng.getdropdowmlist -->
    </test> <!-- Default test -->
  </suite> <!-- Default suite -->
</testng-results>
